<?xml version="1.0" encoding="UTF-8"?>
<!-- Generated by org.testng.reporters.JUnitReportReporter -->
<testsuite skipped="0" hostname="DESKTOP-LSU4NFQ" name="testngassignment.test" tests="6" failures="0" timestamp="02 Jul 2020 07:49:55 GMT" time="0.168" errors="0">
  <testcase name="squareRoot" time="0.040" classname="testngassignment.test"/>
  <testcase name="squareRoot" time="0.009" classname="testngassignment.test"/>
  <testcase name="squareRoot" time="0.011" classname="testngassignment.test"/>
  <testcase name="inverse" time="0.029" classname="testngassignment.test"/>
  <testcase name="negate" time="0.020" classname="testngassignment.test"/>
  <testcase name="mod" time="0.059" classname="testngassignment.test"/>
</testsuite> <!-- testngassignment.test -->
