<?xml version="1.0" encoding="UTF-8"?>
<!-- Generated by org.testng.reporters.JUnitReportReporter -->
<testsuite skipped="0" hostname="DESKTOP-LSU4NFQ" name="testngassignment.Testparameters" tests="3" failures="0" timestamp="02 Jul 2020 08:20:08 GMT" time="0.108" errors="0">
  <testcase name="addition" time="0.076" classname="testngassignment.Testparameters"/>
  <testcase name="sub" time="0.016" classname="testngassignment.Testparameters"/>
  <testcase name="multiplication" time="0.016" classname="testngassignment.Testparameters"/>
</testsuite> <!-- testngassignment.Testparameters -->
