<?xml version="1.0" encoding="UTF-8"?>
<!-- Generated by org.testng.reporters.JUnitReportReporter -->
<testsuite skipped="0" hostname="DESKTOP-LSU4NFQ" name="testngassignment.dummy1" tests="2" failures="0" timestamp="02 Jul 2020 07:05:01 GMT" time="0.136" errors="0">
  <testcase name="squareRoot" time="0.086" classname="testngassignment.dummy1"/>
  <testcase name="squareRoot" time="0.050" classname="testngassignment.dummy1"/>
</testsuite> <!-- testngassignment.dummy1 -->
