<?xml version="1.0" encoding="UTF-8"?>
<!-- Generated by org.testng.reporters.JUnitReportReporter -->
<testsuite skipped="0" hostname="DESKTOP-LSU4NFQ" name="testngassignment.Testngwithoutparam" tests="4" failures="0" timestamp="02 Jul 2020 07:49:55 GMT" time="0.223" errors="0">
  <testcase name="addition" time="0.140" classname="testngassignment.Testngwithoutparam"/>
  <testcase name="division" time="0.038" classname="testngassignment.Testngwithoutparam"/>
  <testcase name="sub" time="0.017" classname="testngassignment.Testngwithoutparam"/>
  <testcase name="multiplication" time="0.028" classname="testngassignment.Testngwithoutparam"/>
</testsuite> <!-- testngassignment.Testngwithoutparam -->
