<?xml version="1.0" encoding="UTF-8"?>
<!-- Generated by org.testng.reporters.JUnitReportReporter -->
<testsuite skipped="0" hostname="DESKTOP-LSU4NFQ" name="testngassignment.Dataprovider" tests="4" failures="0" timestamp="02 Jul 2020 08:20:08 GMT" time="0.109" errors="0">
  <testcase name="squareRoot" time="0.008" classname="testngassignment.Dataprovider"/>
  <testcase name="squareRoot" time="0.028" classname="testngassignment.Dataprovider"/>
  <testcase name="mod" time="0.069" classname="testngassignment.Dataprovider"/>
  <testcase name="squareRoot" time="0.004" classname="testngassignment.Dataprovider"/>
</testsuite> <!-- testngassignment.Dataprovider -->
